ant 3 found a new tour : 0182.59 	 [0, 1, 3, 5, 4, 6, 7, 2] SystemPids :[5553, 3106, 3946, 5372, 3036, 5421, 3918, 2867]
ant 1 found a new tour : 0182.59 	 [0, 2, 1, 7, 4, 5, 6, 3] SystemPids :[5553, 2867, 3106, 3918, 3036, 5372, 5421, 3946]
ant 2 found a new tour : 0182.59 	 [0, 4, 2, 5, 6, 1, 3, 7] SystemPids :[5553, 3036, 2867, 5372, 5421, 3106, 3946, 3918]
ant 0 found a new tour : 0182.59 	 [0, 3, 1, 2, 5, 4, 6, 7] SystemPids :[5553, 3946, 3106, 2867, 5372, 3036, 5421, 3918]
Maximum Anomaly  : 182.58672844750956
ant 15 found a new tour : 0179.85 	 [0, 2, 4, 3, 6, 7, 1, 5] SystemPids :[5553, 2867, 3036, 3946, 5421, 3918, 3106, 5372]
ant 27 found a new tour : 0179.85 	 [0, 1, 6, 7, 5, 4, 2, 3] SystemPids :[5553, 3106, 5421, 3918, 5372, 3036, 2867, 3946]
Maximum Anomaly  : 179.8469839579911
ant 30 found a new tour : 0185.06 	 [0, 1, 4, 2, 7, 6, 3, 5] SystemPids :[5553, 3106, 3036, 2867, 3918, 5421, 3946, 5372]
Maximum Anomaly  : 185.05915271528366
ant 46 found a new tour : 0180.56 	 [0, 7, 1, 5, 4, 3, 6, 2] SystemPids :[5553, 3918, 3106, 5372, 3036, 3946, 5421, 2867]
ant 48 found a new tour : 0180.56 	 [0, 6, 2, 5, 7, 3, 1, 4] SystemPids :[5553, 5421, 2867, 5372, 3918, 3946, 3106, 3036]
Maximum Anomaly  : 180.56416974730465
ant 61 found a new tour : 0181.53 	 [0, 2, 1, 7, 4, 5, 3, 6] SystemPids :[5553, 2867, 3106, 3918, 3036, 5372, 3946, 5421]
ant 70 found a new tour : 0181.53 	 [0, 6, 3, 2, 4, 7, 5, 1] SystemPids :[5553, 5421, 3946, 2867, 3036, 3918, 5372, 3106]
Maximum Anomaly  : 181.52582191715607
ant 76 found a new tour : 0184.40 	 [0, 1, 3, 5, 7, 4, 6, 2] SystemPids :[5553, 3106, 3946, 5372, 3918, 3036, 5421, 2867]
ant 79 found a new tour : 0184.40 	 [0, 5, 7, 4, 2, 3, 1, 6] SystemPids :[5553, 5372, 3918, 3036, 2867, 3946, 3106, 5421]
Maximum Anomaly  : 184.4034474011076
ant 91 found a new tour : 0180.21 	 [0, 2, 7, 4, 3, 6, 5, 1] SystemPids :[5553, 2867, 3918, 3036, 3946, 5421, 5372, 3106]
ant 93 found a new tour : 0180.21 	 [0, 3, 4, 5, 2, 7, 6, 1] SystemPids :[5553, 3946, 3036, 5372, 2867, 3918, 5421, 3106]
Maximum Anomaly  : 180.20866973019417
ant 106 found a new tour : 0191.15 	 [0, 5, 1, 3, 2, 6, 7, 4] SystemPids :[5553, 5372, 3106, 3946, 2867, 5421, 3918, 3036]
Maximum Anomaly  : 191.1540933170514
ant 120 found a new tour : 0185.67 	 [0, 1, 3, 6, 7, 2, 4, 5] SystemPids :[5553, 3106, 3946, 5421, 3918, 2867, 3036, 5372]
ant 123 found a new tour : 0185.67 	 [0, 6, 4, 5, 2, 7, 1, 3] SystemPids :[5553, 5421, 3036, 5372, 2867, 3918, 3106, 3946]
Maximum Anomaly  : 185.66508503992796
ant 135 found a new tour : 0183.45 	 [0, 3, 6, 5, 1, 4, 2, 7] SystemPids :[5553, 3946, 5421, 5372, 3106, 3036, 2867, 3918]
ant 138 found a new tour : 0183.45 	 [0, 1, 2, 6, 7, 5, 3, 4] SystemPids :[5553, 3106, 2867, 5421, 3918, 5372, 3946, 3036]
Maximum Anomaly  : 183.44713598878954
Average : 183.44612882623156
